{"synthetic": false,
 "schemaVersion": "2025-09-10",
 "outputs":
 {"o": ["cd59d9460397e3d6.olean"],
  "m": false,
  "i": "279ad0ca072222c0.ilean",
  "c": "2cd1cc3613970c34.c"},
 "log":
 [{"message":
   ".> LEAN_PATH=/Users/huangx/repos/proof_in_the_book/.lake/packages/Cli/.lake/build/lib/lean:/Users/huangx/repos/proof_in_the_book/.lake/packages/batteries/.lake/build/lib/lean:/Users/huangx/repos/proof_in_the_book/.lake/packages/Qq/.lake/build/lib/lean:/Users/huangx/repos/proof_in_the_book/.lake/packages/aesop/.lake/build/lib/lean:/Users/huangx/repos/proof_in_the_book/.lake/packages/proofwidgets/.lake/build/lib/lean:/Users/huangx/repos/proof_in_the_book/.lake/packages/importGraph/.lake/build/lib/lean:/Users/huangx/repos/proof_in_the_book/.lake/packages/LeanSearchClient/.lake/build/lib/lean:/Users/huangx/repos/proof_in_the_book/.lake/packages/plausible/.lake/build/lib/lean:/Users/huangx/repos/proof_in_the_book/.lake/packages/Mathlib/.lake/build/lib/lean:/Users/huangx/repos/proof_in_the_book/.lake/build/lib/lean /Users/huangx/.elan/toolchains/leanprover--lean4---v4.30.0-rc2/bin/lean /Users/huangx/repos/proof_in_the_book/ProofsInTheBook/Chapter11.lean -o /Users/huangx/repos/proof_in_the_book/.lake/build/lib/lean/ProofsInTheBook/Chapter11.olean -i /Users/huangx/repos/proof_in_the_book/.lake/build/lib/lean/ProofsInTheBook/Chapter11.ilean -c /Users/huangx/repos/proof_in_the_book/.lake/build/ir/ProofsInTheBook/Chapter11.c --setup /Users/huangx/repos/proof_in_the_book/.lake/build/ir/ProofsInTheBook/Chapter11.setup.json --json",
   "level": "trace"},
  {"message": "ProofsInTheBook/Chapter11.lean:93:8: declaration uses `sorry`",
   "level": "warning"}],
 "inputs":
 [["ProofsInTheBook.Chapter11:deps",
   [["deps",
     [["proof_in_the_book/ProofsInTheBook:extraDep",
       [["@proof_in_the_book:extraDep", "00000000000006bb"]]],
      ["imports",
       [["Mathlib transitive imports (legacy)", "242a6c6914a84a54"],
        ["Mathlib:importAllArts", "185ad99313a7ed1e"]]]]],
    ["libs",
     [["import dynlibs", "00000000000006bb"],
      ["package external libraries", "00000000000006bb"],
      ["module dynlibs", "00000000000006bb"],
      ["module plugins", "00000000000006bb"]]]]],
  ["Lean 4.30.0, commit 3dc1a088b6d2d8eafe25a7cd7ec7b58d731bd7cc",
   "2c8d2623007dfc36"],
  ["/Users/huangx/repos/proof_in_the_book/ProofsInTheBook/Chapter11.lean",
   "768e9951a06fe7b8"],
  ["options", "00000000000006bb"],
  ["isModule: false", "feefd2a0d3a1847e"],
  ["Module.name: ProofsInTheBook.Chapter11", "b47e5bac49978c57"],
  ["Package.id?: (some proof_in_the_book)", "b367cb2fc38b6724"],
  ["Module.leanArgs: #[]", "00000000000006bb"]],
 "depHash": "320c1c1aa77015fa"}