{"synthetic": false,
 "schemaVersion": "2025-09-10",
 "outputs":
 {"o": ["6e56088e0e5c94bd.olean"],
  "m": false,
  "i": "36dedfb5fea5355d.ilean",
  "c": "9534a8111ed71c13.c"},
 "log":
 [{"message":
   ".> LEAN_PATH=/Users/huangx/repos/proof_in_the_book/.lake/packages/Cli/.lake/build/lib/lean:/Users/huangx/repos/proof_in_the_book/.lake/packages/batteries/.lake/build/lib/lean:/Users/huangx/repos/proof_in_the_book/.lake/packages/Qq/.lake/build/lib/lean:/Users/huangx/repos/proof_in_the_book/.lake/packages/aesop/.lake/build/lib/lean:/Users/huangx/repos/proof_in_the_book/.lake/packages/proofwidgets/.lake/build/lib/lean:/Users/huangx/repos/proof_in_the_book/.lake/packages/importGraph/.lake/build/lib/lean:/Users/huangx/repos/proof_in_the_book/.lake/packages/LeanSearchClient/.lake/build/lib/lean:/Users/huangx/repos/proof_in_the_book/.lake/packages/plausible/.lake/build/lib/lean:/Users/huangx/repos/proof_in_the_book/.lake/packages/Mathlib/.lake/build/lib/lean:/Users/huangx/repos/proof_in_the_book/.lake/build/lib/lean /Users/huangx/.elan/toolchains/leanprover--lean4---v4.30.0-rc2/bin/lean /Users/huangx/repos/proof_in_the_book/ProofsInTheBook/Chapter06.lean -o /Users/huangx/repos/proof_in_the_book/.lake/build/lib/lean/ProofsInTheBook/Chapter06.olean -i /Users/huangx/repos/proof_in_the_book/.lake/build/lib/lean/ProofsInTheBook/Chapter06.ilean -c /Users/huangx/repos/proof_in_the_book/.lake/build/ir/ProofsInTheBook/Chapter06.c --setup /Users/huangx/repos/proof_in_the_book/.lake/build/ir/ProofsInTheBook/Chapter06.setup.json --json",
   "level": "trace"}],
 "inputs":
 [["ProofsInTheBook.Chapter06:deps",
   [["deps",
     [["proof_in_the_book/ProofsInTheBook:extraDep",
       [["@proof_in_the_book:extraDep", "00000000000006bb"]]],
      ["imports",
       [["Mathlib transitive imports (legacy)", "242a6c6914a84a54"],
        ["Mathlib:importAllArts", "185ad99313a7ed1e"]]]]],
    ["libs",
     [["import dynlibs", "00000000000006bb"],
      ["package external libraries", "00000000000006bb"],
      ["module dynlibs", "00000000000006bb"],
      ["module plugins", "00000000000006bb"]]]]],
  ["Lean 4.30.0, commit 3dc1a088b6d2d8eafe25a7cd7ec7b58d731bd7cc",
   "2c8d2623007dfc36"],
  ["/Users/huangx/repos/proof_in_the_book/ProofsInTheBook/Chapter06.lean",
   "79a8d901cc3a1819"],
  ["options", "00000000000006bb"],
  ["isModule: false", "feefd2a0d3a1847e"],
  ["Module.name: ProofsInTheBook.Chapter06", "4c453ea134d9da64"],
  ["Package.id?: (some proof_in_the_book)", "b367cb2fc38b6724"],
  ["Module.leanArgs: #[]", "00000000000006bb"]],
 "depHash": "0c9e8230a37e9f7e"}