{"synthetic": false,
 "schemaVersion": "2025-09-10",
 "outputs":
 {"o": ["3aa0e73c677a1786.olean"],
  "m": false,
  "i": "7c7e722a7158bca9.ilean",
  "c": "c7d2b02152c8efa1.c"},
 "log":
 [{"message":
   ".> LEAN_PATH=/Users/huangx/repos/proof_in_the_book/.lake/packages/Cli/.lake/build/lib/lean:/Users/huangx/repos/proof_in_the_book/.lake/packages/batteries/.lake/build/lib/lean:/Users/huangx/repos/proof_in_the_book/.lake/packages/Qq/.lake/build/lib/lean:/Users/huangx/repos/proof_in_the_book/.lake/packages/aesop/.lake/build/lib/lean:/Users/huangx/repos/proof_in_the_book/.lake/packages/proofwidgets/.lake/build/lib/lean:/Users/huangx/repos/proof_in_the_book/.lake/packages/importGraph/.lake/build/lib/lean:/Users/huangx/repos/proof_in_the_book/.lake/packages/LeanSearchClient/.lake/build/lib/lean:/Users/huangx/repos/proof_in_the_book/.lake/packages/plausible/.lake/build/lib/lean:/Users/huangx/repos/proof_in_the_book/.lake/packages/Mathlib/.lake/build/lib/lean:/Users/huangx/repos/proof_in_the_book/.lake/build/lib/lean /Users/huangx/.elan/toolchains/leanprover--lean4---v4.30.0-rc2/bin/lean /Users/huangx/repos/proof_in_the_book/ProofsInTheBook/Chapter02.lean -o /Users/huangx/repos/proof_in_the_book/.lake/build/lib/lean/ProofsInTheBook/Chapter02.olean -i /Users/huangx/repos/proof_in_the_book/.lake/build/lib/lean/ProofsInTheBook/Chapter02.ilean -c /Users/huangx/repos/proof_in_the_book/.lake/build/ir/ProofsInTheBook/Chapter02.c --setup /Users/huangx/repos/proof_in_the_book/.lake/build/ir/ProofsInTheBook/Chapter02.setup.json --json",
   "level": "trace"}],
 "inputs":
 [["ProofsInTheBook.Chapter02:deps",
   [["deps",
     [["proof_in_the_book/ProofsInTheBook:extraDep",
       [["@proof_in_the_book:extraDep", "00000000000006bb"]]],
      ["imports",
       [["Mathlib transitive imports (legacy)", "242a6c6914a84a54"],
        ["Mathlib:importAllArts", "185ad99313a7ed1e"]]]]],
    ["libs",
     [["import dynlibs", "00000000000006bb"],
      ["package external libraries", "00000000000006bb"],
      ["module dynlibs", "00000000000006bb"],
      ["module plugins", "00000000000006bb"]]]]],
  ["Lean 4.30.0, commit 3dc1a088b6d2d8eafe25a7cd7ec7b58d731bd7cc",
   "2c8d2623007dfc36"],
  ["/Users/huangx/repos/proof_in_the_book/ProofsInTheBook/Chapter02.lean",
   "e5df4dfc76d314c3"],
  ["options", "00000000000006bb"],
  ["isModule: false", "feefd2a0d3a1847e"],
  ["Module.name: ProofsInTheBook.Chapter02", "c3d4c9cf5a42dd84"],
  ["Package.id?: (some proof_in_the_book)", "b367cb2fc38b6724"],
  ["Module.leanArgs: #[]", "00000000000006bb"]],
 "depHash": "ac35168b8c7f7c09"}